==================================================
   C2 实验：音视频显式对齐微调
   GLOBAL_BATCH_SIZE = 32
==================================================
no npu!
Loading checkpoint shards:   0%|          | 0/2 [00:00<?, ?it/s]Loading checkpoint shards:  50%|█████     | 1/2 [00:00<00:00,  1.10it/s]Loading checkpoint shards: 100%|██████████| 2/2 [00:01<00:00,  1.70it/s]Loading checkpoint shards: 100%|██████████| 2/2 [00:01<00:00,  1.57it/s]
/root/miniconda3/envs/crab39/lib/python3.9/site-packages/huggingface_hub/file_download.py:1150: FutureWarning: `resume_download` is deprecated and will be removed in version 1.0.0. Downloads always resume when possible. If you want to force a new download, use `force_download=True`.
  warnings.warn(
ori_tokenizer_vocab_nums:  32001  MM_tokenizer_vocab_nums:  32018
Traceback (most recent call last):
  File "/root/miniconda3/envs/crab39/lib/python3.9/site-packages/transformers/utils/hub.py", line 385, in cached_file
    resolved_file = hf_hub_download(
  File "/root/miniconda3/envs/crab39/lib/python3.9/site-packages/huggingface_hub/utils/_deprecation.py", line 101, in inner_f
    return f(*args, **kwargs)
  File "/root/miniconda3/envs/crab39/lib/python3.9/site-packages/huggingface_hub/utils/_validators.py", line 114, in _inner_fn
    return fn(*args, **kwargs)
  File "/root/miniconda3/envs/crab39/lib/python3.9/site-packages/huggingface_hub/file_download.py", line 1240, in hf_hub_download
    return _hf_hub_download_to_cache_dir(
  File "/root/miniconda3/envs/crab39/lib/python3.9/site-packages/huggingface_hub/file_download.py", line 1347, in _hf_hub_download_to_cache_dir
    _raise_on_head_call_error(head_call_error, force_download, local_files_only)
  File "/root/miniconda3/envs/crab39/lib/python3.9/site-packages/huggingface_hub/file_download.py", line 1848, in _raise_on_head_call_error
    raise LocalEntryNotFoundError(
huggingface_hub.utils._errors.LocalEntryNotFoundError: Cannot find the requested files in the disk cache and outgoing traffic has been disabled. To enable hf.co look-ups and downloads online, set 'local_files_only' to False.

The above exception was the direct cause of the following exception:

Traceback (most recent call last):
  File "/root/autodl-tmp/Crab/scripts/finetune/finetune_hyperlora.py", line 264, in <module>
    train()
  File "/root/autodl-tmp/Crab/scripts/finetune/finetune_hyperlora.py", line 157, in train
    model.get_model().init_multimodal_modules(visual_branch=training_args.visual_branch,
  File "/root/autodl-tmp/Crab/models/unified_arch.py", line 80, in init_multimodal_modules
    self.vl_projector = VLProjector(bert_ckpt_path=bert_ckpt_path, hidden_size=1024, d_model=d_model, depth=2, image_token_nums=image_token_nums,
  File "/root/autodl-tmp/Crab/models/multimodal_encoder.py", line 107, in __init__
    encoder_config = BertConfig.from_pretrained(bert_ckpt_path,local_files_only=True)
  File "/root/miniconda3/envs/crab39/lib/python3.9/site-packages/transformers/configuration_utils.py", line 605, in from_pretrained
    config_dict, kwargs = cls.get_config_dict(pretrained_model_name_or_path, **kwargs)
  File "/root/miniconda3/envs/crab39/lib/python3.9/site-packages/transformers/configuration_utils.py", line 634, in get_config_dict
    config_dict, kwargs = cls._get_config_dict(pretrained_model_name_or_path, **kwargs)
  File "/root/miniconda3/envs/crab39/lib/python3.9/site-packages/transformers/configuration_utils.py", line 689, in _get_config_dict
    resolved_config_file = cached_file(
  File "/root/miniconda3/envs/crab39/lib/python3.9/site-packages/transformers/utils/hub.py", line 425, in cached_file
    raise EnvironmentError(
OSError: We couldn't connect to 'https://huggingface.co' to load this file, couldn't find it in the cached files and it looks like None is not the path to a directory containing a file named config.json.
Checkout your internet connection or see how to run the library in offline mode at 'https://huggingface.co/docs/transformers/installation#offline-mode'.
